
2021-04-22 14:31:20,267 - DEBUG Using selector: EpollSelector
2021-04-22 14:35:13,364 - INFO: User viewed all bots
2021-04-22 14:35:22,329 - INFO: User viewed bot with id=1
2021-04-22 14:35:40,783 - WARNING: Method Not Allowed: /api/create
2021-04-22 14:35:53,697 - INFO: User viewed all bots
2021-04-22 14:36:03,234 - WARNING: Not Found: /api/create/
2021-04-22 14:36:10,737 - WARNING: Method Not Allowed: /api/create
2021-04-22 14:36:29,285 - INFO: User added a new bot
2021-04-22 14:36:45,056 - INFO: User viewed all bots
2021-04-22 14:36:53,874 - WARNING: Method Not Allowed: /api/delete/4
2021-04-22 14:37:39,918 - INFO: User viewed all bots
2021-04-22 14:37:51,465 - WARNING: Method Not Allowed: /api/delete/4
2021-04-22 14:38:30,265 - INFO: User viewed all bots
2021-04-22 14:38:33,369 - INFO: User viewed all bots
2021-04-22 14:38:35,736 - INFO: User viewed all bots
2021-04-22 14:38:40,779 - INFO: User viewed all bots
2021-04-22 14:38:44,495 - INFO: User viewed all bots
2021-04-22 14:38:54,469 - WARNING: Method Not Allowed: /api/delete/4
2021-04-22 14:38:57,432 - INFO: User deleted bot with id=4
2021-04-22 14:39:33,188 - INFO: User viewed all bots
2021-04-22 14:40:00,938 - DEBUG: Using selector: EpollSelector
